[2024-11-30 22:24:09,872: INFO: main: Welcome to our custom logging data science]
[2024-12-01 12:28:11,777: INFO: common: yaml file: config\config.yaml loaded succesfully]
[2024-12-01 12:28:48,529: INFO: common: yaml file: config\config.yaml loaded succesfully]
[2024-12-01 12:28:58,435: INFO: common: yaml file: config\config.yaml loaded succesfully]
[2024-12-01 12:29:16,338: INFO: common: yaml file: config\config.yaml loaded succesfully]
[2024-12-01 12:29:27,457: INFO: common: yaml file: config\config.yaml loaded succesfully]
[2024-12-01 12:29:27,460: INFO: common: yaml file: params.yaml loaded succesfully]
[2024-12-01 12:29:27,462: INFO: common: yaml file: schema.yaml loaded succesfully]
[2024-12-01 12:29:27,463: INFO: common: created directory at: artifacts]
[2024-12-01 12:31:59,728: INFO: common: yaml file: config\config.yaml loaded succesfully]
[2024-12-01 12:31:59,731: INFO: common: yaml file: params.yaml loaded succesfully]
[2024-12-01 12:31:59,734: INFO: common: yaml file: schema.yaml loaded succesfully]
[2024-12-01 12:31:59,736: INFO: common: created directory at: artifacts]
[2024-12-01 12:31:59,738: INFO: common: created directory at: artifact/data_ingestion]
[2024-12-01 12:35:27,959: INFO: common: yaml file: config\config.yaml loaded succesfully]
[2024-12-01 12:35:27,961: INFO: common: yaml file: params.yaml loaded succesfully]
[2024-12-01 12:35:27,963: INFO: common: yaml file: schema.yaml loaded succesfully]
[2024-12-01 12:35:27,965: INFO: common: created directory at: artifacts]
[2024-12-01 12:35:27,967: INFO: common: created directory at: artifacts/data_ingestion]
[2024-12-01 12:35:51,648: INFO: common: yaml file: config\config.yaml loaded succesfully]
[2024-12-01 12:35:51,650: INFO: common: yaml file: params.yaml loaded succesfully]
[2024-12-01 12:35:51,652: INFO: common: yaml file: schema.yaml loaded succesfully]
[2024-12-01 12:35:51,653: INFO: common: created directory at: artifacts]
[2024-12-01 12:35:51,655: INFO: common: created directory at: artifacts/data_ingestion]
[2024-12-01 12:37:47,778: INFO: common: created directory at: artifacts/data_ingestion]
[2024-12-01 12:39:36,393: INFO: common: yaml file: config\config.yaml loaded succesfully]
[2024-12-01 12:39:36,395: INFO: common: yaml file: params.yaml loaded succesfully]
[2024-12-01 12:39:36,396: INFO: common: yaml file: schema.yaml loaded succesfully]
[2024-12-01 12:39:36,398: INFO: common: created directory at: artifacts]
[2024-12-01 12:39:36,400: INFO: common: created directory at: artifacts/data_ingestion]
[2024-12-01 12:40:03,236: INFO: common: yaml file: config\config.yaml loaded succesfully]
[2024-12-01 12:40:03,240: INFO: common: yaml file: params.yaml loaded succesfully]
[2024-12-01 12:40:03,243: INFO: common: yaml file: schema.yaml loaded succesfully]
[2024-12-01 12:40:03,244: INFO: common: created directory at: artifacts]
[2024-12-01 12:40:03,246: INFO: common: created directory at: artifacts/data_ingestion]
[2024-12-01 12:40:55,661: INFO: common: yaml file: config\config.yaml loaded succesfully]
[2024-12-01 12:40:55,663: INFO: common: yaml file: params.yaml loaded succesfully]
[2024-12-01 12:40:55,664: INFO: common: yaml file: schema.yaml loaded succesfully]
[2024-12-01 12:40:55,665: INFO: common: created directory at: artifacts]
[2024-12-01 12:40:55,667: INFO: common: created directory at: artifacts/data_ingestion]
[2024-12-01 12:43:09,396: INFO: common: yaml file: config\config.yaml loaded succesfully]
[2024-12-01 12:43:15,211: INFO: common: yaml file: config\config.yaml loaded succesfully]
[2024-12-01 12:43:53,165: INFO: common: created directory at: artifacts/data_ingestion]
[2024-12-01 12:48:18,912: INFO: common: yaml file: config\config.yaml loaded succesfully]
[2024-12-01 12:48:18,914: INFO: common: yaml file: params.yaml loaded succesfully]
[2024-12-01 12:48:18,916: INFO: common: yaml file: schema.yaml loaded succesfully]
[2024-12-01 12:48:18,917: INFO: common: created directory at: artifacts]
[2024-12-01 12:48:18,918: INFO: common: created directory at: artifacts/data_ingestion]
[2024-12-01 12:50:26,272: INFO: common: yaml file: config\config.yaml loaded succesfully]
[2024-12-01 12:50:26,275: INFO: common: yaml file: params.yaml loaded succesfully]
[2024-12-01 12:50:26,277: INFO: common: yaml file: schema.yaml loaded succesfully]
[2024-12-01 12:50:26,278: INFO: common: created directory at: artifacts]
[2024-12-01 12:50:26,280: INFO: common: created directory at: artifacts/data_ingestion]
[2024-12-01 12:51:45,519: INFO: common: yaml file: config\config.yaml loaded succesfully]
[2024-12-01 12:51:45,521: INFO: common: yaml file: params.yaml loaded succesfully]
[2024-12-01 12:51:45,524: INFO: common: yaml file: schema.yaml loaded succesfully]
[2024-12-01 12:51:45,526: INFO: common: created directory at: artifacts]
[2024-12-01 12:51:45,527: INFO: common: created directory at: artifacts/data_ingestion]
[2024-12-01 12:53:08,860: INFO: common: yaml file: config\config.yaml loaded succesfully]
[2024-12-01 12:53:08,863: INFO: common: yaml file: params.yaml loaded succesfully]
[2024-12-01 12:53:08,864: INFO: common: yaml file: schema.yaml loaded succesfully]
[2024-12-01 12:53:08,865: INFO: common: created directory at: artifacts]
[2024-12-01 12:53:08,867: INFO: common: created directory at: artifacts/data_ingestion]
[2024-12-01 12:53:58,374: INFO: common: yaml file: config\config.yaml loaded succesfully]
[2024-12-01 12:53:58,376: INFO: common: yaml file: params.yaml loaded succesfully]
[2024-12-01 12:53:58,377: INFO: common: yaml file: schema.yaml loaded succesfully]
[2024-12-01 12:53:58,379: INFO: common: created directory at: artifacts]
[2024-12-01 12:53:58,380: INFO: common: created directory at: artifacts/data_ingestion]
[2024-12-01 12:56:23,600: INFO: common: yaml file: config\config.yaml loaded succesfully]
[2024-12-01 12:56:23,602: INFO: common: yaml file: params.yaml loaded succesfully]
[2024-12-01 12:56:23,604: INFO: common: yaml file: schema.yaml loaded succesfully]
[2024-12-01 12:56:23,607: INFO: common: created directory at: artifacts]
[2024-12-01 12:56:23,607: INFO: common: created directory at: artifacts/data_ingestion]
[2024-12-01 12:56:23,609: INFO: 733697267: File already exists]
[2024-12-01 13:52:47,312: INFO: main: >>>> stage Data Ingestion Stage started <<<<]
[2024-12-01 13:52:47,321: INFO: common: yaml file: config\config.yaml loaded succesfully]
[2024-12-01 13:52:47,322: INFO: common: yaml file: params.yaml loaded succesfully]
[2024-12-01 13:52:47,322: INFO: common: yaml file: schema.yaml loaded succesfully]
[2024-12-01 13:52:47,323: INFO: common: created directory at: artifacts]
[2024-12-01 13:52:47,324: INFO: common: created directory at: artifacts/data_ingestion]
[2024-12-01 13:52:48,445: INFO: data_ingestion: artifacts/data_ingestion/data.zip download! with following info: 
Connection: close
Content-Length: 23329
Cache-Control: max-age=300
Content-Security-Policy: default-src 'none'; style-src 'unsafe-inline'; sandbox
Content-Type: application/zip
ETag: "c69888a4ae59bc5a893392785a938ccd4937981c06ba8a9d6a21aa52b4ab5b6e"
Strict-Transport-Security: max-age=31536000
X-Content-Type-Options: nosniff
X-Frame-Options: deny
X-XSS-Protection: 1; mode=block
X-GitHub-Request-Id: 8A6E:3E3F8:BB5B1:EADED:674BEB5F
Accept-Ranges: bytes
Date: Sun, 01 Dec 2024 05:52:45 GMT
Via: 1.1 varnish
X-Served-By: cache-qpg120110-QPG
X-Cache: HIT
X-Cache-Hits: 0
X-Timer: S1733032365.422098,VS0,VE299
Vary: Authorization,Accept-Encoding,Origin
Access-Control-Allow-Origin: *
Cross-Origin-Resource-Policy: cross-origin
X-Fastly-Request-ID: d4fdb171e3f813aa90d05afa559ff2a93eeea78e
Expires: Sun, 01 Dec 2024 05:57:45 GMT
Source-Age: 0

]
[2024-12-01 13:52:48,455: INFO: main: >>>> stage Data Ingestion Stage completed <<<< 

x=======x]
[2024-12-01 14:18:51,608: INFO: common: yaml file: config\config.yaml loaded succesfully]
[2024-12-01 14:18:51,613: INFO: common: yaml file: params.yaml loaded succesfully]
[2024-12-01 14:18:51,626: INFO: common: yaml file: schema.yaml loaded succesfully]
[2024-12-01 14:18:51,629: INFO: common: created directory at: artifacts]
[2024-12-01 14:18:51,632: INFO: common: created directory at: artifacts/data_validation]
[2024-12-01 14:19:15,160: INFO: common: yaml file: config\config.yaml loaded succesfully]
[2024-12-01 14:19:15,162: INFO: common: yaml file: params.yaml loaded succesfully]
[2024-12-01 14:19:15,165: INFO: common: yaml file: schema.yaml loaded succesfully]
[2024-12-01 14:19:15,167: INFO: common: created directory at: artifacts]
[2024-12-01 14:19:15,169: INFO: common: created directory at: artifacts/data_validation]
[2024-12-01 14:19:34,083: INFO: common: yaml file: config\config.yaml loaded succesfully]
[2024-12-01 14:19:34,086: INFO: common: yaml file: params.yaml loaded succesfully]
[2024-12-01 14:19:34,088: INFO: common: yaml file: schema.yaml loaded succesfully]
[2024-12-01 14:19:34,091: INFO: common: created directory at: artifacts]
[2024-12-01 14:19:34,092: INFO: common: created directory at: artifacts/data_validation]
[2024-12-01 14:20:47,334: INFO: common: yaml file: config\config.yaml loaded succesfully]
[2024-12-01 14:20:47,338: INFO: common: yaml file: params.yaml loaded succesfully]
[2024-12-01 14:20:47,341: INFO: common: yaml file: schema.yaml loaded succesfully]
[2024-12-01 14:20:47,344: INFO: common: created directory at: artifacts]
[2024-12-01 14:20:47,346: INFO: common: created directory at: artifacts/data_validation]
[2024-12-01 14:21:09,846: INFO: common: yaml file: config\config.yaml loaded succesfully]
[2024-12-01 14:21:09,847: INFO: common: yaml file: params.yaml loaded succesfully]
[2024-12-01 14:21:09,851: INFO: common: yaml file: schema.yaml loaded succesfully]
[2024-12-01 14:21:09,853: INFO: common: created directory at: artifacts]
[2024-12-01 14:21:09,855: INFO: common: created directory at: artifacts/data_validation]
[2024-12-01 14:21:09,860: INFO: 2665422652: Validation Pass]
[2024-12-01 14:31:12,720: INFO: common: yaml file: config\config.yaml loaded succesfully]
[2024-12-01 14:31:12,722: INFO: common: yaml file: params.yaml loaded succesfully]
[2024-12-01 14:31:12,725: INFO: common: yaml file: schema.yaml loaded succesfully]
[2024-12-01 14:31:12,727: INFO: common: created directory at: artifacts]
[2024-12-01 14:31:12,729: INFO: common: created directory at: artifacts/data_validation]
[2024-12-01 14:31:27,961: INFO: common: yaml file: config\config.yaml loaded succesfully]
[2024-12-01 14:31:27,964: INFO: common: yaml file: params.yaml loaded succesfully]
[2024-12-01 14:31:27,968: INFO: common: yaml file: schema.yaml loaded succesfully]
[2024-12-01 14:31:27,970: INFO: common: created directory at: artifacts]
[2024-12-01 14:31:27,971: INFO: common: created directory at: artifacts/data_validation]
[2024-12-01 14:31:39,654: INFO: common: yaml file: config\config.yaml loaded succesfully]
[2024-12-01 14:31:39,657: INFO: common: yaml file: params.yaml loaded succesfully]
[2024-12-01 14:31:39,661: INFO: common: yaml file: schema.yaml loaded succesfully]
[2024-12-01 14:31:39,665: INFO: common: created directory at: artifacts]
[2024-12-01 14:31:39,667: INFO: common: created directory at: artifacts/data_validation]
[2024-12-01 14:32:26,078: INFO: common: yaml file: config\config.yaml loaded succesfully]
[2024-12-01 14:32:26,080: INFO: common: yaml file: params.yaml loaded succesfully]
[2024-12-01 14:32:26,084: INFO: common: yaml file: schema.yaml loaded succesfully]
[2024-12-01 14:32:26,087: INFO: common: created directory at: artifacts]
[2024-12-01 14:32:26,089: INFO: common: created directory at: artifacts/data_validation]
[2024-12-01 14:33:03,879: INFO: common: yaml file: config\config.yaml loaded succesfully]
[2024-12-01 14:33:03,882: INFO: common: yaml file: params.yaml loaded succesfully]
[2024-12-01 14:33:03,886: INFO: common: yaml file: schema.yaml loaded succesfully]
[2024-12-01 14:33:03,888: INFO: common: created directory at: artifacts]
[2024-12-01 14:33:03,889: INFO: common: created directory at: artifacts/data_validation]
[2024-12-01 14:33:33,015: INFO: common: yaml file: config\config.yaml loaded succesfully]
[2024-12-01 14:33:33,018: INFO: common: yaml file: params.yaml loaded succesfully]
[2024-12-01 14:33:33,020: INFO: common: yaml file: schema.yaml loaded succesfully]
[2024-12-01 14:33:33,021: INFO: common: created directory at: artifacts]
[2024-12-01 14:33:33,023: INFO: common: created directory at: artifacts/data_validation]
[2024-12-01 14:34:42,651: INFO: common: yaml file: config\config.yaml loaded succesfully]
[2024-12-01 14:34:42,653: INFO: common: yaml file: params.yaml loaded succesfully]
[2024-12-01 14:34:42,657: INFO: common: yaml file: schema.yaml loaded succesfully]
[2024-12-01 14:34:42,659: INFO: common: created directory at: artifacts]
[2024-12-01 14:34:42,660: INFO: common: created directory at: artifacts/data_validation]
[2024-12-01 14:35:33,983: INFO: common: yaml file: config\config.yaml loaded succesfully]
[2024-12-01 14:35:33,986: INFO: common: yaml file: params.yaml loaded succesfully]
[2024-12-01 14:35:33,990: INFO: common: yaml file: schema.yaml loaded succesfully]
[2024-12-01 14:35:33,992: INFO: common: created directory at: artifacts]
[2024-12-01 14:35:33,994: INFO: common: created directory at: artifacts/data_validation]
[2024-12-01 14:35:44,308: INFO: common: yaml file: config\config.yaml loaded succesfully]
[2024-12-01 14:35:44,310: INFO: common: yaml file: params.yaml loaded succesfully]
[2024-12-01 14:35:44,314: INFO: common: yaml file: schema.yaml loaded succesfully]
[2024-12-01 14:35:44,317: INFO: common: created directory at: artifacts]
[2024-12-01 14:35:44,319: INFO: common: created directory at: artifacts/data_validation]
[2024-12-01 14:36:04,565: INFO: common: yaml file: config\config.yaml loaded succesfully]
[2024-12-01 14:36:04,567: INFO: common: yaml file: params.yaml loaded succesfully]
[2024-12-01 14:36:04,570: INFO: common: yaml file: schema.yaml loaded succesfully]
[2024-12-01 14:36:04,571: INFO: common: created directory at: artifacts]
[2024-12-01 14:36:04,573: INFO: common: created directory at: artifacts/data_validation]
[2024-12-01 14:47:50,244: INFO: main: >>>> stage Data Ingestion Stage started <<<<]
[2024-12-01 14:47:50,245: INFO: common: yaml file: config\config.yaml loaded succesfully]
[2024-12-01 14:47:50,246: INFO: common: yaml file: params.yaml loaded succesfully]
[2024-12-01 14:47:50,248: INFO: common: yaml file: schema.yaml loaded succesfully]
[2024-12-01 14:47:50,248: INFO: common: created directory at: artifacts]
[2024-12-01 14:47:50,248: INFO: common: created directory at: artifacts/data_ingestion]
[2024-12-01 14:47:50,251: INFO: data_ingestion: File already exists]
[2024-12-01 14:47:50,257: INFO: main: >>>> stage Data Ingestion Stage completed <<<< 

x=======x]
[2024-12-01 14:47:50,258: INFO: main: >>>> stage Data Validation Stage started <<<<]
[2024-12-01 14:47:50,258: ERROR: main: name 'ConfigurationManager' is not defined]
Traceback (most recent call last):
  File "C:\Users\User\Python\MLOps_Projects\datascienceproject\main.py", line 37, in <module>
    obj.initiate_data_validation()
  File "C:\Users\User\Python\MLOps_Projects\datascienceproject\main.py", line 26, in initiate_data_validation
    config=ConfigurationManager()
           ^^^^^^^^^^^^^^^^^^^^
NameError: name 'ConfigurationManager' is not defined
[2024-12-01 14:48:29,740: INFO: main: >>>> stage Data Ingestion Stage started <<<<]
[2024-12-01 14:48:29,742: INFO: common: yaml file: config\config.yaml loaded succesfully]
[2024-12-01 14:48:29,742: INFO: common: yaml file: params.yaml loaded succesfully]
[2024-12-01 14:48:29,744: INFO: common: yaml file: schema.yaml loaded succesfully]
[2024-12-01 14:48:29,744: INFO: common: created directory at: artifacts]
[2024-12-01 14:48:29,744: INFO: common: created directory at: artifacts/data_ingestion]
[2024-12-01 14:48:29,745: INFO: data_ingestion: File already exists]
[2024-12-01 14:48:29,747: INFO: main: >>>> stage Data Ingestion Stage completed <<<< 

x=======x]
[2024-12-01 14:48:29,748: INFO: main: >>>> stage Data Validation Stage started <<<<]
[2024-12-01 14:48:29,750: INFO: common: yaml file: config\config.yaml loaded succesfully]
[2024-12-01 14:48:29,751: INFO: common: yaml file: params.yaml loaded succesfully]
[2024-12-01 14:48:29,753: INFO: common: yaml file: schema.yaml loaded succesfully]
[2024-12-01 14:48:29,754: INFO: common: created directory at: artifacts]
[2024-12-01 14:48:29,755: INFO: common: created directory at: artifacts/data_validation]
[2024-12-01 14:48:29,757: INFO: main: >>>> stage Data Validation Stage completed <<<< 

x=======x]
[2024-12-01 14:49:04,864: INFO: main: >>>> stage Data Ingestion Stage started <<<<]
[2024-12-01 14:49:04,866: INFO: common: yaml file: config\config.yaml loaded succesfully]
[2024-12-01 14:49:04,866: INFO: common: yaml file: params.yaml loaded succesfully]
[2024-12-01 14:49:04,869: INFO: common: yaml file: schema.yaml loaded succesfully]
[2024-12-01 14:49:04,870: INFO: common: created directory at: artifacts]
[2024-12-01 14:49:04,871: INFO: common: created directory at: artifacts/data_ingestion]
[2024-12-01 14:49:04,872: INFO: data_ingestion: File already exists]
[2024-12-01 14:49:04,876: INFO: main: >>>> stage Data Ingestion Stage completed <<<< 

x=======x]
[2024-12-01 14:49:04,876: INFO: main: >>>> stage Data Validation Stage started <<<<]
[2024-12-01 14:49:04,878: INFO: common: yaml file: config\config.yaml loaded succesfully]
[2024-12-01 14:49:04,879: INFO: common: yaml file: params.yaml loaded succesfully]
[2024-12-01 14:49:04,881: INFO: common: yaml file: schema.yaml loaded succesfully]
[2024-12-01 14:49:04,883: INFO: common: created directory at: artifacts]
[2024-12-01 14:49:04,884: INFO: common: created directory at: artifacts/data_validation]
[2024-12-01 14:49:04,921: INFO: main: >>>> stage Data Validation Stage completed <<<< 

x=======x]
[2024-12-01 15:53:55,836: INFO: common: yaml file: config\config.yaml loaded succesfully]
[2024-12-01 15:53:55,841: INFO: common: yaml file: params.yaml loaded succesfully]
[2024-12-01 15:53:55,847: INFO: common: yaml file: schema.yaml loaded succesfully]
[2024-12-01 15:53:55,851: INFO: common: created directory at: artifacts]
[2024-12-01 15:53:55,855: INFO: common: created directory at: artifacts/data_transformation]
[2024-12-01 15:53:59,356: INFO: common: yaml file: config\config.yaml loaded succesfully]
[2024-12-01 15:53:59,358: INFO: common: yaml file: params.yaml loaded succesfully]
[2024-12-01 15:53:59,362: INFO: common: yaml file: schema.yaml loaded succesfully]
[2024-12-01 15:53:59,363: INFO: common: created directory at: artifacts]
[2024-12-01 15:53:59,366: INFO: common: created directory at: artifacts/data_transformation]
[2024-12-01 15:54:02,470: INFO: common: yaml file: config\config.yaml loaded succesfully]
[2024-12-01 15:54:02,472: INFO: common: yaml file: params.yaml loaded succesfully]
[2024-12-01 15:54:02,475: INFO: common: yaml file: schema.yaml loaded succesfully]
[2024-12-01 15:54:02,476: INFO: common: created directory at: artifacts]
[2024-12-01 15:54:02,478: INFO: common: created directory at: artifacts/data_transformation]
[2024-12-01 15:54:02,532: INFO: 2173749343: Splitted data into training and test sets]
[2024-12-01 15:54:02,535: INFO: 2173749343: (1199, 12)]
[2024-12-01 15:54:02,536: INFO: 2173749343: (400, 12)]
[2024-12-01 16:07:35,481: INFO: main: >>>> stage Data Ingestion Stage started <<<<]
[2024-12-01 16:07:35,483: INFO: common: yaml file: config\config.yaml loaded succesfully]
[2024-12-01 16:07:35,485: INFO: common: yaml file: params.yaml loaded succesfully]
[2024-12-01 16:07:35,487: INFO: common: yaml file: schema.yaml loaded succesfully]
[2024-12-01 16:07:35,488: INFO: common: created directory at: artifacts]
[2024-12-01 16:07:35,489: INFO: common: created directory at: artifacts/data_ingestion]
[2024-12-01 16:07:35,489: INFO: data_ingestion: File already exists]
[2024-12-01 16:07:35,497: INFO: main: >>>> stage Data Ingestion Stage completed <<<< 

x=======x]
[2024-12-01 16:07:35,497: INFO: main: >>>> stage Data Validation Stage started <<<<]
[2024-12-01 16:07:35,500: INFO: common: yaml file: config\config.yaml loaded succesfully]
[2024-12-01 16:07:35,502: INFO: common: yaml file: params.yaml loaded succesfully]
[2024-12-01 16:07:35,505: INFO: common: yaml file: schema.yaml loaded succesfully]
[2024-12-01 16:07:35,506: INFO: common: created directory at: artifacts]
[2024-12-01 16:07:35,506: INFO: common: created directory at: artifacts/data_validation]
[2024-12-01 16:07:35,634: INFO: main: >>>> stage Data Validation Stage completed <<<< 

x=======x]
[2024-12-01 16:07:35,635: INFO: main: >>>> stage Data Transformation Stage started <<<<]
[2024-12-01 16:07:35,649: INFO: main: >>>> stage Data Transformation Stage completed <<<< 

x=======x]
[2024-12-01 16:08:46,756: INFO: main: >>>> stage Data Ingestion Stage started <<<<]
[2024-12-01 16:08:46,760: INFO: common: yaml file: config\config.yaml loaded succesfully]
[2024-12-01 16:08:46,764: INFO: common: yaml file: params.yaml loaded succesfully]
[2024-12-01 16:08:46,769: INFO: common: yaml file: schema.yaml loaded succesfully]
[2024-12-01 16:08:46,771: INFO: common: created directory at: artifacts]
[2024-12-01 16:08:46,773: INFO: common: created directory at: artifacts/data_ingestion]
[2024-12-01 16:08:46,777: INFO: data_ingestion: File already exists]
[2024-12-01 16:08:46,783: INFO: main: >>>> stage Data Ingestion Stage completed <<<< 

x=======x]
[2024-12-01 16:08:46,784: INFO: main: >>>> stage Data Validation Stage started <<<<]
[2024-12-01 16:08:46,788: INFO: common: yaml file: config\config.yaml loaded succesfully]
[2024-12-01 16:08:46,791: INFO: common: yaml file: params.yaml loaded succesfully]
[2024-12-01 16:08:46,794: INFO: common: yaml file: schema.yaml loaded succesfully]
[2024-12-01 16:08:46,797: INFO: common: created directory at: artifacts]
[2024-12-01 16:08:46,798: INFO: common: created directory at: artifacts/data_validation]
[2024-12-01 16:08:46,838: INFO: main: >>>> stage Data Validation Stage completed <<<< 

x=======x]
[2024-12-01 16:08:46,839: INFO: main: >>>> stage Data Transformation Stage started <<<<]
[2024-12-01 16:08:46,848: INFO: main: >>>> stage Data Transformation Stage completed <<<< 

x=======x]
[2024-12-01 16:09:47,121: INFO: main: >>>> stage Data Ingestion Stage started <<<<]
[2024-12-01 16:09:47,124: INFO: common: yaml file: config\config.yaml loaded succesfully]
[2024-12-01 16:09:47,125: INFO: common: yaml file: params.yaml loaded succesfully]
[2024-12-01 16:09:47,127: INFO: common: yaml file: schema.yaml loaded succesfully]
[2024-12-01 16:09:47,128: INFO: common: created directory at: artifacts]
[2024-12-01 16:09:47,130: INFO: common: created directory at: artifacts/data_ingestion]
[2024-12-01 16:09:47,131: INFO: data_ingestion: File already exists]
[2024-12-01 16:09:47,136: INFO: main: >>>> stage Data Ingestion Stage completed <<<< 

x=======x]
[2024-12-01 16:09:47,137: INFO: main: >>>> stage Data Validation Stage started <<<<]
[2024-12-01 16:09:47,139: INFO: common: yaml file: config\config.yaml loaded succesfully]
[2024-12-01 16:09:47,141: INFO: common: yaml file: params.yaml loaded succesfully]
[2024-12-01 16:09:47,144: INFO: common: yaml file: schema.yaml loaded succesfully]
[2024-12-01 16:09:47,146: INFO: common: created directory at: artifacts]
[2024-12-01 16:09:47,147: INFO: common: created directory at: artifacts/data_validation]
[2024-12-01 16:09:47,187: INFO: main: >>>> stage Data Validation Stage completed <<<< 

x=======x]
[2024-12-01 16:09:47,189: INFO: main: >>>> stage Data Transformation Stage started <<<<]
[2024-12-01 16:09:47,191: INFO: main: >>>> stage Data Transformation Stage completed <<<< 

x=======x]
[2024-12-01 16:10:28,986: INFO: main: >>>> stage Data Ingestion Stage started <<<<]
[2024-12-01 16:10:28,988: INFO: common: yaml file: config\config.yaml loaded succesfully]
[2024-12-01 16:10:28,988: INFO: common: yaml file: params.yaml loaded succesfully]
[2024-12-01 16:10:28,991: INFO: common: yaml file: schema.yaml loaded succesfully]
[2024-12-01 16:10:28,992: INFO: common: created directory at: artifacts]
[2024-12-01 16:10:28,993: INFO: common: created directory at: artifacts/data_ingestion]
[2024-12-01 16:10:28,995: INFO: data_ingestion: File already exists]
[2024-12-01 16:10:28,999: INFO: main: >>>> stage Data Ingestion Stage completed <<<< 

x=======x]
[2024-12-01 16:10:29,000: INFO: main: >>>> stage Data Validation Stage started <<<<]
[2024-12-01 16:10:29,002: INFO: common: yaml file: config\config.yaml loaded succesfully]
[2024-12-01 16:10:29,003: INFO: common: yaml file: params.yaml loaded succesfully]
[2024-12-01 16:10:29,006: INFO: common: yaml file: schema.yaml loaded succesfully]
[2024-12-01 16:10:29,009: INFO: common: created directory at: artifacts]
[2024-12-01 16:10:29,009: INFO: common: created directory at: artifacts/data_validation]
[2024-12-01 16:10:29,042: INFO: main: >>>> stage Data Validation Stage completed <<<< 

x=======x]
[2024-12-01 16:10:29,043: INFO: main: >>>> stage Data Transformation Stage started <<<<]
[2024-12-01 16:10:29,046: INFO: main: >>>> stage Data Transformation Stage completed <<<< 

x=======x]
[2024-12-01 16:11:28,775: INFO: main: >>>> stage Data Ingestion Stage started <<<<]
[2024-12-01 16:11:28,776: INFO: common: yaml file: config\config.yaml loaded succesfully]
[2024-12-01 16:11:28,777: INFO: common: yaml file: params.yaml loaded succesfully]
[2024-12-01 16:11:28,779: INFO: common: yaml file: schema.yaml loaded succesfully]
[2024-12-01 16:11:28,780: INFO: common: created directory at: artifacts]
[2024-12-01 16:11:28,781: INFO: common: created directory at: artifacts/data_ingestion]
[2024-12-01 16:11:28,782: INFO: data_ingestion: File already exists]
[2024-12-01 16:11:28,787: INFO: main: >>>> stage Data Ingestion Stage completed <<<< 

x=======x]
[2024-12-01 16:11:28,787: INFO: main: >>>> stage Data Validation Stage started <<<<]
[2024-12-01 16:11:28,790: INFO: common: yaml file: config\config.yaml loaded succesfully]
[2024-12-01 16:11:28,792: INFO: common: yaml file: params.yaml loaded succesfully]
[2024-12-01 16:11:28,794: INFO: common: yaml file: schema.yaml loaded succesfully]
[2024-12-01 16:11:28,796: INFO: common: created directory at: artifacts]
[2024-12-01 16:11:28,797: INFO: common: created directory at: artifacts/data_validation]
[2024-12-01 16:11:28,830: INFO: main: >>>> stage Data Validation Stage completed <<<< 

x=======x]
[2024-12-01 16:11:28,831: INFO: main: >>>> stage Data Transformation Stage started <<<<]
[2024-12-01 16:11:28,833: INFO: main: >>>> stage Data Transformation Stage completed <<<< 

x=======x]
[2024-12-01 16:12:25,907: INFO: main: >>>> stage Data Ingestion Stage started <<<<]
[2024-12-01 16:12:25,909: INFO: common: yaml file: config\config.yaml loaded succesfully]
[2024-12-01 16:12:25,911: INFO: common: yaml file: params.yaml loaded succesfully]
[2024-12-01 16:12:25,913: INFO: common: yaml file: schema.yaml loaded succesfully]
[2024-12-01 16:12:25,914: INFO: common: created directory at: artifacts]
[2024-12-01 16:12:25,914: INFO: common: created directory at: artifacts/data_ingestion]
[2024-12-01 16:12:25,915: INFO: data_ingestion: File already exists]
[2024-12-01 16:12:25,919: INFO: main: >>>> stage Data Ingestion Stage completed <<<< 

x=======x]
[2024-12-01 16:12:25,920: INFO: main: >>>> stage Data Validation Stage started <<<<]
[2024-12-01 16:12:25,922: INFO: common: yaml file: config\config.yaml loaded succesfully]
[2024-12-01 16:12:25,924: INFO: common: yaml file: params.yaml loaded succesfully]
[2024-12-01 16:12:25,926: INFO: common: yaml file: schema.yaml loaded succesfully]
[2024-12-01 16:12:25,927: INFO: common: created directory at: artifacts]
[2024-12-01 16:12:25,928: INFO: common: created directory at: artifacts/data_validation]
[2024-12-01 16:12:25,966: INFO: main: >>>> stage Data Validation Stage completed <<<< 

x=======x]
[2024-12-01 16:12:25,967: INFO: main: >>>> stage Data Transformation Stage started <<<<]
[2024-12-01 16:12:25,969: INFO: main: >>>> stage Data Transformation Stage completed <<<< 

x=======x]
[2024-12-01 16:13:08,297: INFO: main: >>>> stage Data Ingestion Stage started <<<<]
[2024-12-01 16:13:08,300: INFO: common: yaml file: config\config.yaml loaded succesfully]
[2024-12-01 16:13:08,301: INFO: common: yaml file: params.yaml loaded succesfully]
[2024-12-01 16:13:08,303: INFO: common: yaml file: schema.yaml loaded succesfully]
[2024-12-01 16:13:08,304: INFO: common: created directory at: artifacts]
[2024-12-01 16:13:08,305: INFO: common: created directory at: artifacts/data_ingestion]
[2024-12-01 16:13:08,307: INFO: data_ingestion: File already exists]
[2024-12-01 16:13:08,311: INFO: main: >>>> stage Data Ingestion Stage completed <<<< 

x=======x]
[2024-12-01 16:13:08,311: INFO: main: >>>> stage Data Validation Stage started <<<<]
[2024-12-01 16:13:08,315: INFO: common: yaml file: config\config.yaml loaded succesfully]
[2024-12-01 16:13:08,317: INFO: common: yaml file: params.yaml loaded succesfully]
[2024-12-01 16:13:08,319: INFO: common: yaml file: schema.yaml loaded succesfully]
[2024-12-01 16:13:08,321: INFO: common: created directory at: artifacts]
[2024-12-01 16:13:08,321: INFO: common: created directory at: artifacts/data_validation]
[2024-12-01 16:13:08,363: INFO: main: >>>> stage Data Validation Stage completed <<<< 

x=======x]
[2024-12-01 16:13:08,364: INFO: main: >>>> stage Data Transformation Stage started <<<<]
[2024-12-01 16:13:08,380: INFO: common: yaml file: config\config.yaml loaded succesfully]
[2024-12-01 16:13:08,381: INFO: common: yaml file: params.yaml loaded succesfully]
[2024-12-01 16:13:08,384: INFO: common: yaml file: schema.yaml loaded succesfully]
[2024-12-01 16:13:08,385: INFO: common: created directory at: artifacts]
[2024-12-01 16:13:08,386: INFO: common: created directory at: artifacts/data_transformation]
[2024-12-01 16:13:08,410: INFO: data_transformation: Splitted data into training and test sets]
[2024-12-01 16:13:08,411: INFO: data_transformation: (1199, 12)]
[2024-12-01 16:13:08,412: INFO: data_transformation: (400, 12)]
[2024-12-01 16:13:08,412: INFO: main: >>>> stage Data Transformation Stage completed <<<< 

x=======x]
